2024-01-21 09:24:12,549 - weather-telegram - INFO - Getting updates
2024-01-21 09:24:12,549 - weather-telegram - DEBUG - URL: https://api.telegram.org/bot6239992355:AAHrX9X7_3Fzk3yJnlIRB7eAq35ohFJrk7I/getUpdates?timeout=None
2024-01-21 09:24:13,784 - weather-telegram - INFO - Getting updates
2024-01-21 09:24:13,785 - weather-telegram - DEBUG - URL: https://api.telegram.org/bot6239992355:AAHrX9X7_3Fzk3yJnlIRB7eAq35ohFJrk7I/getUpdates?timeout=None
2024-01-21 09:24:17,933 - weather-telegram - INFO - Getting updates
2024-01-21 09:24:17,934 - weather-telegram - DEBUG - URL: https://api.telegram.org/bot6239992355:AAHrX9X7_3Fzk3yJnlIRB7eAq35ohFJrk7I/getUpdates?timeout=None
2024-01-21 09:24:19,063 - weather-telegram - INFO - Getting updates
2024-01-21 09:24:19,097 - weather-telegram - DEBUG - URL: https://api.telegram.org/bot6239992355:AAHrX9X7_3Fzk3yJnlIRB7eAq35ohFJrk7I/getUpdates?timeout=None
2024-01-21 09:24:23,406 - weather-telegram - INFO - Getting updates
2024-01-21 09:24:23,407 - weather-telegram - DEBUG - URL: https://api.telegram.org/bot6239992355:AAHrX9X7_3Fzk3yJnlIRB7eAq35ohFJrk7I/getUpdates?timeout=None
2024-01-21 09:24:24,529 - weather-telegram - INFO - Getting updates
2024-01-21 09:24:24,529 - weather-telegram - DEBUG - URL: https://api.telegram.org/bot6239992355:AAHrX9X7_3Fzk3yJnlIRB7eAq35ohFJrk7I/getUpdates?timeout=None
2024-01-21 09:24:28,845 - weather-telegram - INFO - Getting updates
2024-01-21 09:24:28,846 - weather-telegram - DEBUG - URL: https://api.telegram.org/bot6239992355:AAHrX9X7_3Fzk3yJnlIRB7eAq35ohFJrk7I/getUpdates?timeout=None
2024-01-21 09:24:30,046 - weather-telegram - INFO - Getting updates
2024-01-21 09:24:30,047 - weather-telegram - DEBUG - URL: https://api.telegram.org/bot6239992355:AAHrX9X7_3Fzk3yJnlIRB7eAq35ohFJrk7I/getUpdates?timeout=None
2024-01-21 09:24:34,277 - weather-telegram - INFO - Getting updates
2024-01-21 09:24:34,278 - weather-telegram - DEBUG - URL: https://api.telegram.org/bot6239992355:AAHrX9X7_3Fzk3yJnlIRB7eAq35ohFJrk7I/getUpdates?timeout=None
2024-01-21 09:24:34,920 - weather-telegram - DEBUG - {'keyboard': [[{'text': '/weather'}]], 'one_time_keyboard': True}
2024-01-21 09:24:36,230 - weather-telegram - INFO - Getting updates
2024-01-21 09:24:36,231 - weather-telegram - DEBUG - URL: https://api.telegram.org/bot6239992355:AAHrX9X7_3Fzk3yJnlIRB7eAq35ohFJrk7I/getUpdates?timeout=None&offset=493397971
2024-01-21 09:24:37,358 - weather-telegram - INFO - Getting updates
2024-01-21 09:24:37,359 - weather-telegram - DEBUG - URL: https://api.telegram.org/bot6239992355:AAHrX9X7_3Fzk3yJnlIRB7eAq35ohFJrk7I/getUpdates?timeout=None&offset=493397971
2024-01-21 09:24:39,661 - weather-telegram - DEBUG - {'keyboard': [[{'text': 'Mumbai'}], [{'text': 'Delhi'}], [{'text': 'Bangalore'}], [{'text': 'Hyderabad'}], [{'text': 'Chennai'}], [{'text': 'Kolkata'}], [{'text': 'Ahmedabad'}], [{'text': 'Pune'}], [{'text': 'Surat'}], [{'text': 'Jaipur'}], [{'text': 'Lucknow'}], [{'text': 'Kanpur'}], [{'text': 'Nagpur'}], [{'text': 'Indore'}], [{'text': 'Thane'}], [{'text': 'Bhopal'}], [{'text': 'Visakhapatnam'}], [{'text': 'Pimpri-Chinchwad'}], [{'text': 'Patna'}], [{'text': 'Vadodara'}], [{'text': 'Ghaziabad'}], [{'text': 'Ludhiana'}], [{'text': 'Agra'}], [{'text': 'Nashik'}], [{'text': 'Ranchi'}], [{'text': 'Faridabad'}], [{'text': 'Meerut'}], [{'text': 'Rajkot'}], [{'text': 'Kalyan-Dombivli'}], [{'text': 'Vasai-Virar'}], [{'text': 'Varanasi'}], [{'text': 'Srinagar'}], [{'text': 'Aurangabad'}], [{'text': 'Dhanbad'}], [{'text': 'Amritsar'}], [{'text': 'Navi Mumbai'}], [{'text': 'Allahabad'}], [{'text': 'Howrah'}], [{'text': 'Gwalior'}], [{'text': 'Jabalpur'}], [{'text': 'New York'}], [{'text': 'Los Angeles'}], [{'text': 'Chicago'}], [{'text': 'Houston'}], [{'text': 'Phoenix'}], [{'text': 'Philadelphia'}], [{'text': 'San Antonio'}], [{'text': 'Dallas'}], [{'text': 'San Diego'}], [{'text': 'San Francisco'}], [{'text': 'Austin'}], [{'text': 'Seattle'}], [{'text': 'Denver'}], [{'text': 'Boston'}], [{'text': 'Atlanta'}], [{'text': 'Miami'}], [{'text': 'Washington'}], [{'text': 'Nashville'}], [{'text': 'Detroit'}], [{'text': 'Las Vegas'}], [{'text': 'Portland'}], [{'text': 'Charlotte'}], [{'text': 'Raleigh'}], [{'text': 'Minneapolis'}], [{'text': 'Orlando'}], [{'text': 'Tampa'}], [{'text': 'St. Louis'}], [{'text': 'Kansas City'}], [{'text': 'Cleveland'}], [{'text': 'Columbus'}], [{'text': 'London'}], [{'text': 'Paris'}], [{'text': 'Berlin'}], [{'text': 'Madrid'}], [{'text': 'Rome'}], [{'text': 'Amsterdam'}], [{'text': 'Vienna'}], [{'text': 'Prague'}], [{'text': 'Warsaw'}], [{'text': 'Budapest'}], [{'text': 'Barcelona'}], [{'text': 'Munich'}], [{'text': 'Milan'}], [{'text': 'Stockholm'}], [{'text': 'Copenhagen'}], [{'text': 'Oslo'}], [{'text': 'Zurich'}], [{'text': 'Dublin'}], [{'text': 'Helsinki'}], [{'text': 'Lisbon'}], [{'text': 'Athens'}], [{'text': 'Brussels'}], [{'text': 'Bratislava'}], [{'text': 'Luxembourg'}], [{'text': 'Reykjavik'}], [{'text': 'Warsaw'}], [{'text': 'Ljubljana'}], [{'text': 'Tirana'}], [{'text': 'Belgrade'}], [{'text': 'Skopje'}], [{'text': 'Moscow'}], [{'text': 'Saint Petersburg'}], [{'text': 'Novosibirsk'}], [{'text': 'Yekaterinburg'}], [{'text': 'Kazan'}], [{'text': 'Nizhny Novgorod'}], [{'text': 'Chelyabinsk'}], [{'text': 'Omsk'}], [{'text': 'Samara'}], [{'text': 'Rostov-on-Don'}], [{'text': 'Ufa'}], [{'text': 'Krasnoyarsk'}], [{'text': 'Voronezh'}], [{'text': 'Volgograd'}], [{'text': 'Perm'}], [{'text': 'Krasnodar'}], [{'text': 'Saratov'}], [{'text': 'Tyumen'}], [{'text': 'Tolyatti'}], [{'text': 'Izhevsk'}], [{'text': 'Tokyo'}], [{'text': 'Beijing'}], [{'text': 'Shanghai'}], [{'text': 'Seoul'}], [{'text': 'Mumbai'}], [{'text': 'Delhi'}], [{'text': 'Bangkok'}], [{'text': 'Jakarta'}], [{'text': 'Manila'}], [{'text': 'Hong Kong'}], [{'text': 'Taipei'}], [{'text': 'Hanoi'}], [{'text': 'Ho Chi Minh City'}], [{'text': 'Kuala Lumpur'}], [{'text': 'Singapore'}], [{'text': 'Seoul'}], [{'text': 'Busan'}], [{'text': 'Incheon'}], [{'text': 'Daegu'}], [{'text': 'Daejeon'}], [{'text': 'Sydney'}], [{'text': 'Melbourne'}], [{'text': 'Brisbane'}], [{'text': 'Perth'}], [{'text': 'Adelaide'}], [{'text': 'Auckland'}], [{'text': 'Wellington'}], [{'text': 'Christchurch'}], [{'text': 'Dunedin'}], [{'text': 'Queenstown'}], [{'text': 'Toronto'}], [{'text': 'Vancouver'}], [{'text': 'Montreal'}], [{'text': 'Sydney (Nova Scotia)'}], [{'text': 'Calgary'}], [{'text': 'Edmonton'}], [{'text': 'Ottawa'}], [{'text': 'Quebec City'}], [{'text': 'Melbourne (FL)'}], [{'text': 'Fort Lauderdale'}], [{'text': 'Cairo'}], [{'text': 'Alexandria'}], [{'text': 'Giza'}], [{'text': 'Johannesburg'}], [{'text': 'Cape Town'}], [{'text': 'Pretoria'}], [{'text': 'Durban'}], [{'text': 'Port Elizabeth'}], [{'text': 'Lagos'}], [{'text': 'Nairobi'}], [{'text': 'Mexico City'}], [{'text': 'Guadalajara'}], [{'text': 'Monterrey'}], [{'text': 'Puebla'}], [{'text': 'Quito'}], [{'text': 'Sao Paulo'}], [{'text': 'Rio de Janeiro'}], [{'text': 'Buenos Aires'}], [{'text': 'Lima'}], [{'text': 'Bogota'}], [{'text': 'Dubai'}], [{'text': 'Abu Dhabi'}], [{'text': 'Doha'}], [{'text': 'Istanbul'}], [{'text': 'Ankara'}], [{'text': 'Izmir'}], [{'text': 'Athens'}], [{'text': 'Thessaloniki'}], [{'text': 'Copenhagen'}], [{'text': 'Helsinki'}], [{'text': 'Oslo'}], [{'text': 'Stockholm'}], [{'text': 'Reykjavik'}], [{'text': 'Warsaw'}], [{'text': 'Krakow'}], [{'text': 'Lisbon'}], [{'text': 'Porto'}], [{'text': 'Brussels'}], [{'text': 'Antwerp'}], [{'text': 'Bruges'}], [{'text': 'Share location', 'request_location': True}]], 'one_time_keyboard': True}
2024-01-21 09:24:41,124 - weather-telegram - INFO - Getting updates
2024-01-21 09:24:41,125 - weather-telegram - DEBUG - URL: https://api.telegram.org/bot6239992355:AAHrX9X7_3Fzk3yJnlIRB7eAq35ohFJrk7I/getUpdates?timeout=None&offset=493397972
2024-01-21 09:24:42,277 - weather-telegram - INFO - Getting updates
2024-01-21 09:24:42,277 - weather-telegram - DEBUG - URL: https://api.telegram.org/bot6239992355:AAHrX9X7_3Fzk3yJnlIRB7eAq35ohFJrk7I/getUpdates?timeout=None&offset=493397972
2024-01-21 09:24:46,494 - weather-telegram - INFO - Getting updates
2024-01-21 09:24:46,495 - weather-telegram - DEBUG - URL: https://api.telegram.org/bot6239992355:AAHrX9X7_3Fzk3yJnlIRB7eAq35ohFJrk7I/getUpdates?timeout=None&offset=493397972
2024-01-21 09:24:47,609 - weather-telegram - INFO - Getting updates
2024-01-21 09:24:47,610 - weather-telegram - DEBUG - URL: https://api.telegram.org/bot6239992355:AAHrX9X7_3Fzk3yJnlIRB7eAq35ohFJrk7I/getUpdates?timeout=None&offset=493397972
2024-01-21 09:24:51,751 - weather-telegram - INFO - Getting updates
2024-01-21 09:24:51,752 - weather-telegram - DEBUG - URL: https://api.telegram.org/bot6239992355:AAHrX9X7_3Fzk3yJnlIRB7eAq35ohFJrk7I/getUpdates?timeout=None&offset=493397972
2024-01-21 09:24:52,386 - weather-telegram - INFO - Weather requested for Rome
2024-01-21 09:24:52,388 - weather-telegram - INFO - Requesting weather: https://api.openweathermap.org/data/2.5/weather?appid=dbb3db6a31b6abe2332273553a87432e&units=metric&q=Rome
2024-01-21 09:24:52,388 - weather-telegram - DEBUG - URL: https://api.openweathermap.org/data/2.5/weather?appid=dbb3db6a31b6abe2332273553a87432e&units=metric&q=Rome
2024-01-21 09:24:52,888 - weather-telegram - DEBUG - {'coord': {'lon': -85.1647, 'lat': 34.257}, 'weather': [{'id': 800, 'main': 'Clear', 'description': 'clear sky', 'icon': '01n'}], 'base': 'stations', 'main': {'temp': -8.33, 'feels_like': -14.14, 'temp_min': -9.55, 'temp_max': -6.77, 'pressure': 1035, 'humidity': 58}, 'visibility': 10000, 'wind': {'speed': 3.6, 'deg': 350}, 'clouds': {'all': 0}, 'dt': 1705809005, 'sys': {'type': 2, 'id': 2038061, 'country': 'US', 'sunrise': 1705754698, 'sunset': 1705791465}, 'timezone': -18000, 'id': 4219762, 'name': 'Rome', 'cod': 200}
2024-01-21 09:24:54,280 - weather-telegram - INFO - Getting updates
2024-01-21 09:24:54,280 - weather-telegram - DEBUG - URL: https://api.telegram.org/bot6239992355:AAHrX9X7_3Fzk3yJnlIRB7eAq35ohFJrk7I/getUpdates?timeout=None&offset=493397973
2024-01-21 09:24:55,631 - weather-telegram - INFO - Getting updates
2024-01-21 09:24:55,632 - weather-telegram - DEBUG - URL: https://api.telegram.org/bot6239992355:AAHrX9X7_3Fzk3yJnlIRB7eAq35ohFJrk7I/getUpdates?timeout=None&offset=493397973
2024-01-21 09:24:59,896 - weather-telegram - INFO - Getting updates
2024-01-21 09:24:59,898 - weather-telegram - DEBUG - URL: https://api.telegram.org/bot6239992355:AAHrX9X7_3Fzk3yJnlIRB7eAq35ohFJrk7I/getUpdates?timeout=None&offset=493397973
2024-01-21 09:25:01,055 - weather-telegram - INFO - Getting updates
2024-01-21 09:25:01,056 - weather-telegram - DEBUG - URL: https://api.telegram.org/bot6239992355:AAHrX9X7_3Fzk3yJnlIRB7eAq35ohFJrk7I/getUpdates?timeout=None&offset=493397973
2024-01-21 09:25:05,323 - weather-telegram - INFO - Getting updates
2024-01-21 09:25:05,324 - weather-telegram - DEBUG - URL: https://api.telegram.org/bot6239992355:AAHrX9X7_3Fzk3yJnlIRB7eAq35ohFJrk7I/getUpdates?timeout=None&offset=493397973
2024-01-21 09:25:06,520 - weather-telegram - INFO - Getting updates
2024-01-21 09:25:06,520 - weather-telegram - DEBUG - URL: https://api.telegram.org/bot6239992355:AAHrX9X7_3Fzk3yJnlIRB7eAq35ohFJrk7I/getUpdates?timeout=None&offset=493397973
